


ARM Macro Assembler    Page 1 


    1 00000000                 PRESERVE8
    2 00000000                 THUMB
    3 00000000                 INCLUDE          DriverJeuLaser.inc
    1 00000000         
    2 00000000         ; Bibliotheque DriverJeuLaser (ancienne gassp72 adaptée 
                       2021 - TR)
    3 00000000         ; Accès en aux fonctions suivantes :
    4 00000000         ; GPIO :
    5 00000000         ; GPIOA_Set(char Broche), GPIOB_Set(char Broche), GPIOC_
                       Set(char Broche)
    6 00000000         ; GPIOA_Clear(char Broche), GPIOB_Clear(char Broche), GP
                       IOC_Clear(char Broche)
    7 00000000         
    8 00000000         ; PWM :
    9 00000000         ;/**
   10 00000000         ; * @brief  Fixe une valeur de PWM, Val, en tick horloge
                       . La rapport cyclique effectif
   11 00000000         ; * est donc : rcy = Thaut_ticks / Periode_ticks
   12 00000000         ; * @note   spécifique Jeu Laser, PWM liée exclusivement
                        au TIM3, chan3
   13 00000000         ; * @param  Thaut_ticks : durée de l'état haut d'une imp
                       ulsion en Ticks
   14 00000000         ;  * @retval None
   15 00000000         ; */
   16 00000000         
   17 00000000         ;void PWM_Set_Value_TIM3_Ch3( unsigned short int Thaut_t
                       icks);
   18 00000000                 import           PWM_Set_Value_TIM3_Ch3
   19 00000000         
   20 00000000         
   21 00000000         
   22 00000000         ;/**
   23 00000000         ; * @brief  Mise à 1 d'une broche GPIO 
   24 00000000         ;  * @note   Une fonction par GPIO
   25 00000000         ; * @param  Broche : 0 à 15
   26 00000000         ; * @retval None
   27 00000000         ; */
   28 00000000         
   29 00000000         ;void GPIOA_Set(char Broche);
   30 00000000                 import           GPIOA_Set
   31 00000000         
   32 00000000         ;void GPIOB_Set(char Broche);
   33 00000000                 import           GPIOB_Set
   34 00000000         
   35 00000000         ;void GPIOC_Set(char Broche);
   36 00000000                 import           GPIOC_Set
   37 00000000         
   38 00000000         
   39 00000000         
   40 00000000         ;/**
   41 00000000         ; * @brief  Mise à 0 d'une broche GPIO 
   42 00000000         ;  * @note   Une fonction par GPIO
   43 00000000         ; * @param  Broche : 0 à 15
   44 00000000         ; * @retval None
   45 00000000         ;  */
   46 00000000         
   47 00000000         ;void GPIOA_Clear(char Broche);
   48 00000000                 import           GPIOA_Clear
   49 00000000         



ARM Macro Assembler    Page 2 


   50 00000000         ;void GPIOB_Clear(char Broche);
   51 00000000                 import           GPIOB_Clear
   52 00000000         
   53 00000000         ;void GPIOC_Clear(char Broche);
   54 00000000                 import           GPIOC_Clear
   55 00000000         
   56 00000000                 end
    4 00000000         
    5 00000000                 IMPORT           LongueurSon
    6 00000000                 IMPORT           Son
    7 00000000                 EXPORT           CallbackSon
    8 00000000                 EXPORT           StartSon
    9 00000000         
   10 00000000         
   11 00000000         
   12 00000000         ; ====================== zone de réservation de données,
                         ======================================
   13 00000000         ;Section RAM (read only) :
   14 00000000                 area             mesdata,data,readonly
   15 00000000         
   16 00000000         
   17 00000000         ;Section RAM (read write):
   18 00000000                 area             maram,data,readwrite
   19 00000000         
   20 00000000 00000000 
                       SortieSon
                               dcd              0
   21 00000004                 EXPORT           SortieSon
   22 00000004 00001589 
                       Index   dcd              5513
   23 00000008         
   24 00000008         ; ======================================================
                       =========================================
   25 00000008         
   26 00000008         ;Section ROM code (read only) :  
   27 00000008                 area             moncode,code,readonly
   28 00000000         ; écrire le code ici  
   29 00000000         ; if(i<LongueurSon){
   30 00000000         ;  SortieSon = (Son[i]+32768)/92
   31 00000000         ;  i++
   32 00000000         ;  }
   33 00000000         
   34 00000000         ;void timer_callback(void){
   35 00000000         CallbackSon
                               proc
   36 00000000 E92D 41F0       push             {r4-r8, lr}
   37 00000004         ; r0 : adresse de SortieSon
   38 00000004 4813            ldr              r0,=SortieSon
   39 00000006         ; r1 : adresse de index
   40 00000006 4914            ldr              r1,=Index
   41 00000008         ; r2 : valeur de index
   42 00000008 680A            ldr              r2,[r1]     ; r2 = Index
   43 0000000A         ; r3 : adresse de LongeurSon
   44 0000000A 4B14            ldr              r3,=LongueurSon
   45 0000000C         ; r4 : temp val de LongueurSon
   46 0000000C 681C            ldr              r4,[r3]
   47 0000000E         
   48 0000000E         ; if(i<LongueurSon){
   49 0000000E 42A2            cmp              r2, r4



ARM Macro Assembler    Page 3 


   50 00000010 DA14            bge              fin
   51 00000012         
   52 00000012         ;  SortieSon = (Son[i]+32768)/92
   53 00000012 4C13            ldr              r4,=Son     ; r4 : adresse de S
                                                            on
   54 00000014 F934 5012       ldrsh            r5, [r4, r2, lsl#1] 
                                                            ; r5 = Son[i}
   55 00000018         
   56 00000018 F505 4500       add              r5, r5, #32768 ; r5+= 32768
   57 0000001C         
   58 0000001C F240 26CF       mov              r6, #719
   59 00000020 FB05 F506       mul              r5, r5, r6  ; r5*=719
   60 00000024         
   61 00000024 EA4F 4515       lsr              r5, r5, #16 ; r5/2^16
   62 00000028         
   63 00000028         ;SortieSon = r5
   64 00000028 6005            str              r5, [r0]
   65 0000002A         
   66 0000002A         
   67 0000002A         ;  PWM_Set_Value_TIM3_Ch3(SortieSon)
   68 0000002A 4628            mov              r0, r5
   69 0000002C B506            push             {lr, r1, r2}
   70 0000002E F7FF FFFE       bl               PWM_Set_Value_TIM3_Ch3
   71 00000032 E8BD 4006       pop              {lr, r1, r2}
   72 00000036         ;  i++
   73 00000036 F102 0201       add              r2, r2, #1
   74 0000003A 600A            str              r2, [r1]
   75 0000003C         ;  }
   76 0000003C         
   77 0000003C         fin
   78 0000003C E8BD 41F0       pop              {r4-r8, lr}
   79 00000040 4770            bx               lr
   80 00000042         
   81 00000042                 endp
   82 00000042         ;}   
   83 00000042         
   84 00000042         
   85 00000042         StartSon
                               proc
   86 00000042 B500            push             {lr}
   87 00000044         ; r1 : adresse de index
   88 00000044 4904            ldr              r1,=Index
   89 00000046         ; index=0
   90 00000046 F04F 0200       mov              r2, #0
   91 0000004A 600A            str              r2, [r1]
   92 0000004C         
   93 0000004C F85D EB04       pop              {lr}
   94 00000050 4770            bx               lr
   95 00000052         
   96 00000052                 endp
   97 00000052         
   98 00000052                 END
              00 00 00000000 
              00000000 
              00000000 
              00000000 
Command Line: --debug --xref --diag_suppress=9931 --cpu=Cortex-M3 --apcs=interw
ork --depend=.\obj\gestionson.d -o.\obj\gestionson.o -I.\Driver -I.\RTE\_CibleS
ondeKEIL -IC:\Programdata\Keil\Arm\Packs\ARM\CMSIS\5.7.0\CMSIS\Core\Include -IC



ARM Macro Assembler    Page 4 


:\Programdata\Keil\Arm\Packs\Keil\STM32F1xx_DFP\2.3.0\Device\Include --predefin
e="__EVAL SETA 1" --predefine="__MICROLIB SETA 1" --predefine="__UVISION_VERSIO
N SETA 534" --predefine="_RTE_ SETA 1" --predefine="STM32F10X_MD SETA 1" --pred
efine="_RTE_ SETA 1" --list=gestionson.lst Src\GestionSon.s



ARM Macro Assembler    Page 1 Alphabetic symbol ordering
Relocatable symbols

mesdata 00000000

Symbol: mesdata
   Definitions
      At line 14 in file Src\GestionSon.s
   Uses
      None
Comment: mesdata unused
1 symbol



ARM Macro Assembler    Page 1 Alphabetic symbol ordering
Relocatable symbols

Index 00000004

Symbol: Index
   Definitions
      At line 22 in file Src\GestionSon.s
   Uses
      At line 40 in file Src\GestionSon.s
      At line 88 in file Src\GestionSon.s

SortieSon 00000000

Symbol: SortieSon
   Definitions
      At line 20 in file Src\GestionSon.s
   Uses
      At line 21 in file Src\GestionSon.s
      At line 38 in file Src\GestionSon.s

maram 00000000

Symbol: maram
   Definitions
      At line 18 in file Src\GestionSon.s
   Uses
      None
Comment: maram unused
3 symbols



ARM Macro Assembler    Page 1 Alphabetic symbol ordering
Relocatable symbols

CallbackSon 00000000

Symbol: CallbackSon
   Definitions
      At line 35 in file Src\GestionSon.s
   Uses
      At line 7 in file Src\GestionSon.s
Comment: CallbackSon used once
StartSon 00000042

Symbol: StartSon
   Definitions
      At line 85 in file Src\GestionSon.s
   Uses
      At line 8 in file Src\GestionSon.s
Comment: StartSon used once
fin 0000003C

Symbol: fin
   Definitions
      At line 77 in file Src\GestionSon.s
   Uses
      At line 50 in file Src\GestionSon.s
Comment: fin used once
moncode 00000000

Symbol: moncode
   Definitions
      At line 27 in file Src\GestionSon.s
   Uses
      None
Comment: moncode unused
4 symbols



ARM Macro Assembler    Page 1 Alphabetic symbol ordering
External symbols

GPIOA_Clear 00000000

Symbol: GPIOA_Clear
   Definitions
      At line 48 in file .\Driver\DriverJeuLaser.inc
   Uses
      None
Comment: GPIOA_Clear unused
GPIOA_Set 00000000

Symbol: GPIOA_Set
   Definitions
      At line 30 in file .\Driver\DriverJeuLaser.inc
   Uses
      None
Comment: GPIOA_Set unused
GPIOB_Clear 00000000

Symbol: GPIOB_Clear
   Definitions
      At line 51 in file .\Driver\DriverJeuLaser.inc
   Uses
      None
Comment: GPIOB_Clear unused
GPIOB_Set 00000000

Symbol: GPIOB_Set
   Definitions
      At line 33 in file .\Driver\DriverJeuLaser.inc
   Uses
      None
Comment: GPIOB_Set unused
GPIOC_Clear 00000000

Symbol: GPIOC_Clear
   Definitions
      At line 54 in file .\Driver\DriverJeuLaser.inc
   Uses
      None
Comment: GPIOC_Clear unused
GPIOC_Set 00000000

Symbol: GPIOC_Set
   Definitions
      At line 36 in file .\Driver\DriverJeuLaser.inc
   Uses
      None
Comment: GPIOC_Set unused
LongueurSon 00000000

Symbol: LongueurSon
   Definitions
      At line 5 in file Src\GestionSon.s
   Uses
      At line 44 in file Src\GestionSon.s
Comment: LongueurSon used once
PWM_Set_Value_TIM3_Ch3 00000000

Symbol: PWM_Set_Value_TIM3_Ch3



ARM Macro Assembler    Page 2 Alphabetic symbol ordering
External symbols

   Definitions
      At line 18 in file .\Driver\DriverJeuLaser.inc
   Uses
      At line 70 in file Src\GestionSon.s
Comment: PWM_Set_Value_TIM3_Ch3 used once
Son 00000000

Symbol: Son
   Definitions
      At line 6 in file Src\GestionSon.s
   Uses
      At line 53 in file Src\GestionSon.s
Comment: Son used once
9 symbols
354 symbols in table
